<html xmlns:math="http://exslt.org/math" xmlns:testng="http://testng.org">
   <head>
      <title>TestNG Results</title>
      <meta http-equiv="content-type" content="text/html; charset=utf-8"></meta>
      <meta http-equiv="pragma" content="no-cache"></meta>
      <meta http-equiv="cache-control" content="max-age=0"></meta>
      <meta http-equiv="cache-control" content="no-cache"></meta>
      <meta http-equiv="cache-control" content="no-store"></meta>
      <LINK rel="stylesheet" href="style.css"></LINK>
      <script type="text/javascript" src="main.js"></script>
   </head>
   <body>
      <table width="100%" style="font-size: 16px; margin-bottom: 10px;" cellspacing="1">
         <tr>
            <td width="100%">
               Test case
               
               <b>Check Guest Validation</b>
            </td>
            <td style="background-color: #FFBBBB; padding: 3px 3px 3px 0;" align="center">
               <div style="width: 50px;">0</div>
            </td>
            <td style="background-color: lightgreen; padding: 3px 3px 3px 0;" align="center">
               <div style="width: 50px;">1</div>
            </td>
            <td style="background-color: #FFFFBB; padding: 3px 3px 3px 0;" align="center">
               <div style="width: 50px;">0</div>
            </td>
            <td align="center" style="background-color: #eaf0f7; padding: 3px 3px 3px 0;">
               <div style="width: 50px;">1</div>
            </td>
            <td align="center"
                style="font-weight: bold; background-color: #eaf0f7; padding: 3px 3px 3px 0;">
               <div style="width: 50px;">100%</div>
            </td>
            <td style="background-color: #eaf0f7; padding: 3px 3px 3px 0;" align="center"
                nowrap="true">7s
               
            </td>
         </tr>
      </table>
      <div style="width: 200px;">
         <label for="groupMethodsCheckBox" style="font-weight: bold; margin: 0;">
            <input id="groupMethodsCheckBox" type="checkbox" onclick="switchTestMethodsView(this)"
                   checked=""></input>
            Group by class
            
         </label>
         <br></br>
         <label for="methodsFilter_ALL" style="font-weight: bold; margin: 0;">
            <input id="methodsFilter_ALL" type="checkbox"
                   onclick="testMethodsFilterChanged(this, 'ALL')"
                   checked=""></input>
            All
            
         </label>
      </div>
      <label for="methodsFilter_FAIL" style="margin-left: 20px;">
         <input id="methodsFilter_FAIL" type="checkbox"
                onclick="testMethodsFilterChanged(this, 'FAIL')"
                checked=""></input>
         Failed
         
      </label>
      <label for="methodsFilter_PASS">
         <input id="methodsFilter_PASS" type="checkbox"
                onclick="testMethodsFilterChanged(this, 'PASS')"
                checked=""></input>
         Passed
         
      </label>
      <label for="methodsFilter_SKIP">
         <input id="methodsFilter_SKIP" type="checkbox"
                onclick="testMethodsFilterChanged(this, 'SKIP')"
                checked=""></input>
         Skipped
         
      </label>
      <label for="methodsFilter_CONF">
         <input id="methodsFilter_CONF" type="checkbox"
                onclick="testMethodsFilterChanged(this, 'CONF')"
                checked=""></input>
         Config
         
      </label>
      <br></br>
      <div id="testMethodsByStatus" style="display: none;">
         <table class="testMethodsTable" cellpadding="0" cellspacing="0">
            <tr class="methodsTableHeader">
               <td width="100%">Name</td>
               <td nowrap="true">Started</td>
               <td nowrap="true">Duration</td>
               <td>Exception</td>
            </tr>
            <tr id="webTest.CheckGuestWithNoData_tearDown_byStatus_failed_FAIL1_row"
                class="testMethodStatusFAIL testMethodStatusCONF">
               <td width="100%" class="firstMethodCell">
                  <a onclick="toggleDetailsVisibility('webTest.CheckGuestWithNoData_tearDown_byStatus_failed_FAIL1_details')">tearDown()</a>
               </td>
               <td nowrap="true">03:23:42</td>
               <td nowrap="true" align="right">0 ms
                  
               </td>
               <td nowrap="true">
                  <a onclick="toggleDetailsVisibility('webTest.CheckGuestWithNoData_tearDown_byStatus_failed_FAIL1_exception')">java.lang.RuntimeException: 
                     Process refused to die after 10 seconds, and couldn't taskkill it: Unable to find executable for: taskkill
                     
                  </a>
                   
                  
               </td>
            </tr>
            <tr>
               <td colspan="4" class="detailsBox">
                  <div id="webTest.CheckGuestWithNoData_tearDown_byStatus_failed_FAIL1_details"
                       class="testMethodDetails">
                     <div>
                        <b>Name: </b>tearDown
                     </div>
                     <div>
                        <b>Signature: </b>tearDown()[pri:0, instance:webTest.CheckGuestWithNoData@4e88151c]
                     </div>
                     <div>
                        <b>Start time: </b>03:23:42
                     </div>
                     <div>
                        <b>End time: </b>03:23:42
                     </div>
                     <div>
                        <b>Duration: </b>0 ms
                        
                     </div>
                  </div>
               </td>
            </tr>
            <tr>
               <td colspan="4" class="detailsBox">
                  <div id="webTest.CheckGuestWithNoData_tearDown_byStatus_failed_FAIL1_exception"
                       class="testMethodDetails">
                     <pre style="padding: 5px; margin: 0;">java.lang.RuntimeException: Process refused to die after 10 seconds, and couldn't taskkill it: Unable to find executable for:
                        taskkill
                        	at org.openqa.selenium.os.ProcessUtils.killWinProcess(ProcessUtils.java:142)
                        	at org.openqa.selenium.os.ProcessUtils.killProcess(ProcessUtils.java:81)
                        	at org.openqa.selenium.os.UnixProcess$SeleniumWatchDog.destroyHarder(UnixProcess.java:247)
                        	at org.openqa.selenium.os.UnixProcess$SeleniumWatchDog.access$2(UnixProcess.java:246)
                        	at org.openqa.selenium.os.UnixProcess.destroy(UnixProcess.java:125)
                        	at org.openqa.selenium.os.CommandLine.destroy(CommandLine.java:155)
                        	at org.openqa.selenium.firefox.FirefoxBinary.quit(FirefoxBinary.java:259)
                        	at org.openqa.selenium.firefox.internal.NewProfileExtensionConnection.quit(NewProfileExtensionConnection.java:204)
                        	at org.openqa.selenium.firefox.FirefoxDriver$LazyCommandExecutor.quit(FirefoxDriver.java:364)
                        	at org.openqa.selenium.firefox.FirefoxDriver.stopClient(FirefoxDriver.java:310)
                        	at org.openqa.selenium.remote.RemoteWebDriver.quit(RemoteWebDriver.java:519)
                        	at webTest.CheckGuestWithNoData.tearDown(CheckGuestWithNoData.java:60)
                        	at sun.reflect.NativeMethodAccessorImpl.invoke0(Native Method)
                        	at sun.reflect.NativeMethodAccessorImpl.invoke(NativeMethodAccessorImpl.java:57)
                        	at sun.reflect.DelegatingMethodAccessorImpl.invoke(DelegatingMethodAccessorImpl.java:43)
                        	at java.lang.reflect.Method.invoke(Method.java:606)
                        	at org.testng.internal.MethodInvocationHelper.invokeMethod(MethodInvocationHelper.java:85)
                        	at org.testng.internal.Invoker.invokeConfigurationMethod(Invoker.java:510)
                        	at org.testng.internal.Invoker.invokeConfigurations(Invoker.java:211)
                        	at org.testng.internal.Invoker.invokeConfigurations(Invoker.java:138)
                        	at org.testng.TestRunner.afterRun(TestRunner.java:1027)
                        	at org.testng.TestRunner.run(TestRunner.java:627)
                        	at org.testng.SuiteRunner.runTest(SuiteRunner.java:357)
                        	at org.testng.SuiteRunner.runSequentially(SuiteRunner.java:352)
                        	at org.testng.SuiteRunner.privateRun(SuiteRunner.java:310)
                        	at org.testng.SuiteRunner.run(SuiteRunner.java:259)
                        	at org.testng.SuiteRunnerWorker.runSuite(SuiteRunnerWorker.java:52)
                        	at org.testng.SuiteRunnerWorker.run(SuiteRunnerWorker.java:86)
                        	at org.testng.TestNG.runSuitesSequentially(TestNG.java:1185)
                        	at org.testng.TestNG.runSuitesLocally(TestNG.java:1110)
                        	at org.testng.TestNG.run(TestNG.java:1018)
                        	at org.testng.TestNG.privateMain(TestNG.java:1325)
                        	at org.testng.TestNG.main(TestNG.java:1294)
                        Caused by: java.lang.NullPointerException: Unable to find executable for: taskkill
                        	at com.google.common.base.Preconditions.checkNotNull(Preconditions.java:250)
                        	at org.openqa.selenium.os.UnixProcess.&lt;init&gt;(UnixProcess.java:62)
                        	at org.openqa.selenium.os.CommandLine.&lt;init&gt;(CommandLine.java:38)
                        	at org.openqa.selenium.os.WindowsUtils.killPID(WindowsUtils.java:178)
                        	at org.openqa.selenium.os.ProcessUtils.killWinProcess(ProcessUtils.java:138)
                        	... 32 more
                     </pre>
                  </div>
               </td>
            </tr>
            <tr id="webTest.CheckGuestWithNoData_setUp_byStatus_passed_PASS1_row"
                class="testMethodStatusPASS testMethodStatusCONF">
               <td width="100%" class="firstMethodCell">
                  <a onclick="toggleDetailsVisibility('webTest.CheckGuestWithNoData_setUp_byStatus_passed_PASS1_details')">setUp()</a>
               </td>
               <td nowrap="true">03:23:35</td>
               <td nowrap="true" align="right">5s
                  
               </td>
               <td nowrap="true">
                   
                  
               </td>
            </tr>
            <tr>
               <td colspan="4" class="detailsBox">
                  <div id="webTest.CheckGuestWithNoData_setUp_byStatus_passed_PASS1_details"
                       class="testMethodDetails">
                     <div>
                        <b>Name: </b>setUp
                     </div>
                     <div>
                        <b>Signature: </b>setUp()[pri:0, instance:webTest.CheckGuestWithNoData@4e88151c]
                     </div>
                     <div>
                        <b>Start time: </b>03:23:35
                     </div>
                     <div>
                        <b>End time: </b>03:23:40
                     </div>
                     <div>
                        <b>Duration: </b>5s
                        
                     </div>
                  </div>
               </td>
            </tr>
            <tr></tr>
            <tr id="webTest.CheckGuestWithNoData_testCheckGuestWithNoData_byStatus_passed_PASS2_row"
                class="testMethodStatusPASS">
               <td width="100%" class="firstMethodCell">
                  <a onclick="toggleDetailsVisibility('webTest.CheckGuestWithNoData_testCheckGuestWithNoData_byStatus_passed_PASS2_details')">testCheckGuestWithNoData()</a>
               </td>
               <td nowrap="true">03:23:40</td>
               <td nowrap="true" align="right">2s
                  
               </td>
               <td nowrap="true">
                   
                  
               </td>
            </tr>
            <tr>
               <td colspan="4" class="detailsBox">
                  <div id="webTest.CheckGuestWithNoData_testCheckGuestWithNoData_byStatus_passed_PASS2_details"
                       class="testMethodDetails">
                     <div>
                        <b>Name: </b>testCheckGuestWithNoData
                     </div>
                     <div>
                        <b>Signature: </b>testCheckGuestWithNoData()[pri:0, instance:webTest.CheckGuestWithNoData@4e88151c]
                     </div>
                     <div>
                        <b>Start time: </b>03:23:40
                     </div>
                     <div>
                        <b>End time: </b>03:23:42
                     </div>
                     <div>
                        <b>Duration: </b>2s
                        
                     </div>
                  </div>
               </td>
            </tr>
            <tr></tr>
         </table>
      </div>
      <div id="testMethodsByClass">
         <table class="testMethodsTable" cellpadding="0" cellspacing="0">
            <tr>
               <td colspan="4">
                  <h3 style="display: inline;">webTest.CheckGuestWithNoData</h3>
               </td>
            </tr>
            <tr class="methodsTableHeader">
               <td width="100%">Name</td>
               <td nowrap="true">Started</td>
               <td nowrap="true">Duration</td>
               <td>Exception</td>
            </tr>
            <tr id="webTest.CheckGuestWithNoData_setUp_byClass_PASS1_row"
                class="testMethodStatusPASS testMethodStatusCONF">
               <td width="100%" class="firstMethodCell">
                  <a onclick="toggleDetailsVisibility('webTest.CheckGuestWithNoData_setUp_byClass_PASS1_details')">setUp()</a>
               </td>
               <td nowrap="true">03:23:35</td>
               <td nowrap="true" align="right">5s
                  
               </td>
               <td nowrap="true">
                   
                  
               </td>
            </tr>
            <tr>
               <td colspan="4" class="detailsBox">
                  <div id="webTest.CheckGuestWithNoData_setUp_byClass_PASS1_details"
                       class="testMethodDetails">
                     <div>
                        <b>Name: </b>setUp
                     </div>
                     <div>
                        <b>Signature: </b>setUp()[pri:0, instance:webTest.CheckGuestWithNoData@4e88151c]
                     </div>
                     <div>
                        <b>Start time: </b>03:23:35
                     </div>
                     <div>
                        <b>End time: </b>03:23:40
                     </div>
                     <div>
                        <b>Duration: </b>5s
                        
                     </div>
                  </div>
               </td>
            </tr>
            <tr></tr>
            <tr id="webTest.CheckGuestWithNoData_testCheckGuestWithNoData_byClass_PASS2_row"
                class="testMethodStatusPASS">
               <td width="100%" class="firstMethodCell">
                  <a onclick="toggleDetailsVisibility('webTest.CheckGuestWithNoData_testCheckGuestWithNoData_byClass_PASS2_details')">testCheckGuestWithNoData()</a>
               </td>
               <td nowrap="true">03:23:40</td>
               <td nowrap="true" align="right">2s
                  
               </td>
               <td nowrap="true">
                   
                  
               </td>
            </tr>
            <tr>
               <td colspan="4" class="detailsBox">
                  <div id="webTest.CheckGuestWithNoData_testCheckGuestWithNoData_byClass_PASS2_details"
                       class="testMethodDetails">
                     <div>
                        <b>Name: </b>testCheckGuestWithNoData
                     </div>
                     <div>
                        <b>Signature: </b>testCheckGuestWithNoData()[pri:0, instance:webTest.CheckGuestWithNoData@4e88151c]
                     </div>
                     <div>
                        <b>Start time: </b>03:23:40
                     </div>
                     <div>
                        <b>End time: </b>03:23:42
                     </div>
                     <div>
                        <b>Duration: </b>2s
                        
                     </div>
                  </div>
               </td>
            </tr>
            <tr></tr>
            <tr id="webTest.CheckGuestWithNoData_tearDown_byClass_FAIL3_row"
                class="testMethodStatusFAIL testMethodStatusCONF">
               <td width="100%" class="firstMethodCell">
                  <a onclick="toggleDetailsVisibility('webTest.CheckGuestWithNoData_tearDown_byClass_FAIL3_details')">tearDown()</a>
               </td>
               <td nowrap="true">03:23:42</td>
               <td nowrap="true" align="right">0 ms
                  
               </td>
               <td nowrap="true">
                  <a onclick="toggleDetailsVisibility('webTest.CheckGuestWithNoData_tearDown_byClass_FAIL3_exception')">java.lang.RuntimeException: 
                     Process refused to die after 10 seconds, and couldn't taskkill it: Unable to find executable for: taskkill
                     
                  </a>
                   
                  
               </td>
            </tr>
            <tr>
               <td colspan="4" class="detailsBox">
                  <div id="webTest.CheckGuestWithNoData_tearDown_byClass_FAIL3_details"
                       class="testMethodDetails">
                     <div>
                        <b>Name: </b>tearDown
                     </div>
                     <div>
                        <b>Signature: </b>tearDown()[pri:0, instance:webTest.CheckGuestWithNoData@4e88151c]
                     </div>
                     <div>
                        <b>Start time: </b>03:23:42
                     </div>
                     <div>
                        <b>End time: </b>03:23:42
                     </div>
                     <div>
                        <b>Duration: </b>0 ms
                        
                     </div>
                  </div>
               </td>
            </tr>
            <tr>
               <td colspan="4" class="detailsBox">
                  <div id="webTest.CheckGuestWithNoData_tearDown_byClass_FAIL3_exception"
                       class="testMethodDetails">
                     <pre style="padding: 5px; margin: 0;">java.lang.RuntimeException: Process refused to die after 10 seconds, and couldn't taskkill it: Unable to find executable for:
                        taskkill
                        	at org.openqa.selenium.os.ProcessUtils.killWinProcess(ProcessUtils.java:142)
                        	at org.openqa.selenium.os.ProcessUtils.killProcess(ProcessUtils.java:81)
                        	at org.openqa.selenium.os.UnixProcess$SeleniumWatchDog.destroyHarder(UnixProcess.java:247)
                        	at org.openqa.selenium.os.UnixProcess$SeleniumWatchDog.access$2(UnixProcess.java:246)
                        	at org.openqa.selenium.os.UnixProcess.destroy(UnixProcess.java:125)
                        	at org.openqa.selenium.os.CommandLine.destroy(CommandLine.java:155)
                        	at org.openqa.selenium.firefox.FirefoxBinary.quit(FirefoxBinary.java:259)
                        	at org.openqa.selenium.firefox.internal.NewProfileExtensionConnection.quit(NewProfileExtensionConnection.java:204)
                        	at org.openqa.selenium.firefox.FirefoxDriver$LazyCommandExecutor.quit(FirefoxDriver.java:364)
                        	at org.openqa.selenium.firefox.FirefoxDriver.stopClient(FirefoxDriver.java:310)
                        	at org.openqa.selenium.remote.RemoteWebDriver.quit(RemoteWebDriver.java:519)
                        	at webTest.CheckGuestWithNoData.tearDown(CheckGuestWithNoData.java:60)
                        	at sun.reflect.NativeMethodAccessorImpl.invoke0(Native Method)
                        	at sun.reflect.NativeMethodAccessorImpl.invoke(NativeMethodAccessorImpl.java:57)
                        	at sun.reflect.DelegatingMethodAccessorImpl.invoke(DelegatingMethodAccessorImpl.java:43)
                        	at java.lang.reflect.Method.invoke(Method.java:606)
                        	at org.testng.internal.MethodInvocationHelper.invokeMethod(MethodInvocationHelper.java:85)
                        	at org.testng.internal.Invoker.invokeConfigurationMethod(Invoker.java:510)
                        	at org.testng.internal.Invoker.invokeConfigurations(Invoker.java:211)
                        	at org.testng.internal.Invoker.invokeConfigurations(Invoker.java:138)
                        	at org.testng.TestRunner.afterRun(TestRunner.java:1027)
                        	at org.testng.TestRunner.run(TestRunner.java:627)
                        	at org.testng.SuiteRunner.runTest(SuiteRunner.java:357)
                        	at org.testng.SuiteRunner.runSequentially(SuiteRunner.java:352)
                        	at org.testng.SuiteRunner.privateRun(SuiteRunner.java:310)
                        	at org.testng.SuiteRunner.run(SuiteRunner.java:259)
                        	at org.testng.SuiteRunnerWorker.runSuite(SuiteRunnerWorker.java:52)
                        	at org.testng.SuiteRunnerWorker.run(SuiteRunnerWorker.java:86)
                        	at org.testng.TestNG.runSuitesSequentially(TestNG.java:1185)
                        	at org.testng.TestNG.runSuitesLocally(TestNG.java:1110)
                        	at org.testng.TestNG.run(TestNG.java:1018)
                        	at org.testng.TestNG.privateMain(TestNG.java:1325)
                        	at org.testng.TestNG.main(TestNG.java:1294)
                        Caused by: java.lang.NullPointerException: Unable to find executable for: taskkill
                        	at com.google.common.base.Preconditions.checkNotNull(Preconditions.java:250)
                        	at org.openqa.selenium.os.UnixProcess.&lt;init&gt;(UnixProcess.java:62)
                        	at org.openqa.selenium.os.CommandLine.&lt;init&gt;(CommandLine.java:38)
                        	at org.openqa.selenium.os.WindowsUtils.killPID(WindowsUtils.java:178)
                        	at org.openqa.selenium.os.ProcessUtils.killWinProcess(ProcessUtils.java:138)
                        	... 32 more
                     </pre>
                  </div>
               </td>
            </tr>
         </table>
         <br></br>
      </div>
      <div style="margin-top: 15px; color: gray; text-align: center; font-size: 9px;">
         Generated with
         
         <a href="http://code.google.com/p/testng-xslt/" style="color: #8888aa;"
            target="_blank">
            TestNG XSLT
            
         </a>
      </div>
   </body>
</html>