<html>
<head>
<title>TestNG:  Check Guest Validation</title>
<link href="../testng.css" rel="stylesheet" type="text/css" />
<link href="../my-testng.css" rel="stylesheet" type="text/css" />

<style type="text/css">
.log { display: none;} 
.stack-trace { display: none;} 
</style>
<script type="text/javascript">
<!--
function flip(e) {
  current = e.style.display;
  if (current == 'block') {
    e.style.display = 'none';
    return 0;
  }
  else {
    e.style.display = 'block';
    return 1;
  }
}

function toggleBox(szDivId, elem, msg1, msg2)
{
  var res = -1;  if (document.getElementById) {
    res = flip(document.getElementById(szDivId));
  }
  else if (document.all) {
    // this is the way old msie versions work
    res = flip(document.all[szDivId]);
  }
  if(elem) {
    if(res == 0) elem.innerHTML = msg1; else elem.innerHTML = msg2;
  }

}

function toggleAllBoxes() {
  if (document.getElementsByTagName) {
    d = document.getElementsByTagName('div');
    for (i = 0; i < d.length; i++) {
      if (d[i].className == 'log') {
        flip(d[i]);
      }
    }
  }
}

// -->
</script>

</head>
<body>
<h2 align='center'>Check Guest Validation</h2><table border='1' align="center">
<tr>
<td>Tests passed/Failed/Skipped:</td><td>1/0/0</td>
</tr><tr>
<td>Started on:</td><td>Fri Oct 16 14:59:53 EDT 2015</td>
</tr>
<tr><td>Total time:</td><td>10 seconds (10657 ms)</td>
</tr><tr>
<td>Included groups:</td><td></td>
</tr><tr>
<td>Excluded groups:</td><td></td>
</tr>
</table><p/>
<small><i>(Hover the method name to see the test class name)</i></small><p/>
<table width='100%' border='1' class='invocation-failed'>
<tr><td colspan='4' align='center'><b>FAILED CONFIGURATIONS</b></td></tr>
<tr><td><b>Test method</b></td>
<td width="30%"><b>Exception</b></td>
<td width="10%"><b>Time (seconds)</b></td>
<td><b>Instance</b></td>
</tr>
<tr>
<td title='webTest.CheckGuestWithNoData.tearDown()'><b>tearDown</b><br>Test class: webTest.CheckGuestWithNoData</td>
<td><div><pre>java.lang.AssertionError: org.junit.ComparisonFailure: expected:&lt;[Please Enter Guest Name]&gt; but was:&lt;[]&gt;org.junit.ComparisonFailure: expected:&lt;[Only Alphabatic Characters Are Allowed]&gt; but was:&lt;[]&gt;org.junit.ComparisonFailure: expected:&lt;[Please Enter Guest Name]&gt; but was:&lt;[]&gt;
	at org.junit.Assert.fail(Assert.java:88)
	at webTest.CheckGuestWithNoData.tearDown(CheckGuestWithNoData.java:63)
... Removed 21 stack frames</pre></div><a href='#' onClick='toggleBox("stack-trace1490173247", this, "Click to show all stack frames", "Click to hide stack frames")'>Click to show all stack frames</a>
<div class='stack-trace' id='stack-trace1490173247'><pre>java.lang.AssertionError: org.junit.ComparisonFailure: expected:&lt;[Please Enter Guest Name]&gt; but was:&lt;[]&gt;org.junit.ComparisonFailure: expected:&lt;[Only Alphabatic Characters Are Allowed]&gt; but was:&lt;[]&gt;org.junit.ComparisonFailure: expected:&lt;[Please Enter Guest Name]&gt; but was:&lt;[]&gt;
	at org.junit.Assert.fail(Assert.java:88)
	at webTest.CheckGuestWithNoData.tearDown(CheckGuestWithNoData.java:63)
	at sun.reflect.NativeMethodAccessorImpl.invoke0(Native Method)
	at sun.reflect.NativeMethodAccessorImpl.invoke(NativeMethodAccessorImpl.java:57)
	at sun.reflect.DelegatingMethodAccessorImpl.invoke(DelegatingMethodAccessorImpl.java:43)
	at java.lang.reflect.Method.invoke(Method.java:606)
	at org.testng.internal.MethodInvocationHelper.invokeMethod(MethodInvocationHelper.java:85)
	at org.testng.internal.Invoker.invokeConfigurationMethod(Invoker.java:510)
	at org.testng.internal.Invoker.invokeConfigurations(Invoker.java:211)
	at org.testng.internal.Invoker.invokeConfigurations(Invoker.java:138)
	at org.testng.TestRunner.afterRun(TestRunner.java:1027)
	at org.testng.TestRunner.run(TestRunner.java:627)
	at org.testng.SuiteRunner.runTest(SuiteRunner.java:357)
	at org.testng.SuiteRunner.runSequentially(SuiteRunner.java:352)
	at org.testng.SuiteRunner.privateRun(SuiteRunner.java:310)
	at org.testng.SuiteRunner.run(SuiteRunner.java:259)
	at org.testng.SuiteRunnerWorker.runSuite(SuiteRunnerWorker.java:52)
	at org.testng.SuiteRunnerWorker.run(SuiteRunnerWorker.java:86)
	at org.testng.TestNG.runSuitesSequentially(TestNG.java:1185)
	at org.testng.TestNG.runSuitesLocally(TestNG.java:1110)
	at org.testng.TestNG.run(TestNG.java:1018)
	at org.testng.TestNG.privateMain(TestNG.java:1325)
	at org.testng.TestNG.main(TestNG.java:1294)
</pre></div></td>
<td>0</td>
<td>null</td></tr>
</table><p>
<table width='100%' border='1' class='invocation-passed'>
<tr><td colspan='4' align='center'><b>PASSED TESTS</b></td></tr>
<tr><td><b>Test method</b></td>
<td width="30%"><b>Exception</b></td>
<td width="10%"><b>Time (seconds)</b></td>
<td><b>Instance</b></td>
</tr>
<tr>
<td title='webTest.CheckGuestWithNoData.testCheckGuestWithNoData()'><b>testCheckGuestWithNoData</b><br>Test class: webTest.CheckGuestWithNoData</td>
<td></td>
<td>5</td>
<td>webTest.CheckGuestWithNoData@4e88151c</td></tr>
</table><p>
</body>
</html>