<?xml version="1.0" encoding="UTF-8"?>
<!-- Generated by org.testng.reporters.JUnitXMLReporter -->
<testsuite hostname="Miracle-PC" name="Check Guest Validation" tests="1" failures="0" timestamp="16 Oct 2015 19:00:04 GMT" time="10.657" errors="0">
  <testcase name="@AfterTest tearDown" time="0.0" classname="webTest.CheckGuestWithNoData">
    <failure type="java.lang.AssertionError" message="org.junit.ComparisonFailure: expected:&amp;lt;[Please Enter Guest Name]&amp;gt; but was:&amp;lt;[]&amp;gt;org.junit.ComparisonFailure: expected:&amp;lt;[Only Alphabatic Characters Are Allowed]&amp;gt; but was:&amp;lt;[]&amp;gt;org.junit.ComparisonFailure: expected:&amp;lt;[Please Enter Guest Name]&amp;gt; but was:&amp;lt;[]&amp;gt;">
      <![CDATA[java.lang.AssertionError: org.junit.ComparisonFailure: expected:<[Please Enter Guest Name]> but was:<[]>org.junit.ComparisonFailure: expected:<[Only Alphabatic Characters Are Allowed]> but was:<[]>org.junit.ComparisonFailure: expected:<[Please Enter Guest Name]> but was:<[]>
	at org.junit.Assert.fail(Assert.java:88)
	at webTest.CheckGuestWithNoData.tearDown(CheckGuestWithNoData.java:63)
... Removed 21 stack frames]]>
    </failure>
  </testcase> <!-- @AfterTest tearDown -->
  <testcase name="testCheckGuestWithNoData" time="5.287" classname="webTest.CheckGuestWithNoData"/>
</testsuite> <!-- Check Guest Validation -->
