<!DOCTYPE html PUBLIC "-//W3C//DTD XHTML 1.1//EN" "http://www.w3.org/TR/xhtml11/DTD/xhtml11.dtd">
<html xmlns="http://www.w3.org/1999/xhtml"><head><title>TestNG Report</title><style type="text/css">table {margin-bottom:10px;border-collapse:collapse;empty-cells:show}th,td {border:1px solid #009;padding:.25em .5em}th {vertical-align:bottom}td {vertical-align:top}table a {font-weight:bold}.stripe td {background-color: #E6EBF9}.num {text-align:right}.passedodd td {background-color: #3F3}.passedeven td {background-color: #0A0}.skippedodd td {background-color: #DDD}.skippedeven td {background-color: #CCC}.failedodd td,.attn {background-color: #F33}.failedeven td,.stripe .attn {background-color: #D00}.stacktrace {white-space:pre;font-family:monospace}.totop {font-size:85%;text-align:center;border-bottom:2px solid #000}</style></head><body><table><tr><th>Test</th><th># Passed</th><th># Skipped</th><th># Failed</th><th>Time (ms)</th><th>Included Groups</th><th>Excluded Groups</th></tr><tr><th colspan="7">Automation Test</th></tr><tr><td><a href="#t0">Home Page</a></td><td class="num">1</td><td class="num">0</td><td class="num">0</td><td class="num">11,886</td><td></td><td></td></tr><tr class="stripe"><td><a href="#t1">Add Guest Validation</a></td><td class="num">1</td><td class="num">0</td><td class="num">0</td><td class="num">19,792</td><td></td><td></td></tr><tr><td><a href="#t2">Add Guest Details</a></td><td class="num">1</td><td class="num">0</td><td class="num">0</td><td class="num">16,228</td><td></td><td></td></tr><tr class="stripe"><td><a href="#t3">Check Guest Validation</a></td><td class="num">1</td><td class="num">0</td><td class="num">0</td><td class="num">7,842</td><td></td><td></td></tr><tr><td><a href="#t4">Check Guest With Valid Data</a></td><td class="num">1</td><td class="num">0</td><td class="num">0</td><td class="num">8,309</td><td></td><td></td></tr><tr><th>Total</th><th class="num">5</th><th class="num">0</th><th class="num">0</th><th class="num">64,057</th><th colspan="2"></th></tr></table><table><thead><tr><th>Class</th><th>Method</th><th>Start</th><th>Time (ms)</th></tr></thead><tbody><tr><th colspan="4">Automation Test</th></tr></tbody><tbody id="t0"><tr><th colspan="4">Home Page &#8212; failed (configuration methods)</th></tr><tr class="failedeven"><td rowspan="1">webTest.VerifyHomePage</td><td><a href="#m0">tearDown</a></td><td rowspan="1">1444548178374</td><td rowspan="1">0</td></tr><tr><th colspan="4">Home Page &#8212; passed</th></tr><tr class="passedeven"><td rowspan="1">webTest.VerifyHomePage</td><td><a href="#m1">testVerifyHomePage</a></td><td rowspan="1">1444548177480</td><td rowspan="1">892</td></tr></tbody><tbody id="t1"><tr><th colspan="4">Add Guest Validation &#8212; failed (configuration methods)</th></tr><tr class="failedeven"><td rowspan="1">webTest.AddGuestPageValidation</td><td><a href="#m2">tearDown</a></td><td rowspan="1">1444548198377</td><td rowspan="1">0</td></tr><tr><th colspan="4">Add Guest Validation &#8212; passed</th></tr><tr class="passedeven"><td rowspan="1">webTest.AddGuestPageValidation</td><td><a href="#m3">testAddGuestPageValidation</a></td><td rowspan="1">1444548191594</td><td rowspan="1">6783</td></tr></tbody><tbody id="t2"><tr><th colspan="4">Add Guest Details &#8212; failed (configuration methods)</th></tr><tr class="failedeven"><td rowspan="1">webTest.AddGuestWithValidData</td><td><a href="#m4">tearDown</a></td><td rowspan="1">1444548215105</td><td rowspan="1">0</td></tr><tr><th colspan="4">Add Guest Details &#8212; passed</th></tr><tr class="passedeven"><td rowspan="1">webTest.AddGuestWithValidData</td><td><a href="#m5">testAddGuestWithValidData</a></td><td rowspan="1">1444548211469</td><td rowspan="1">3636</td></tr></tbody><tbody id="t3"><tr><th colspan="4">Check Guest Validation &#8212; failed (configuration methods)</th></tr><tr class="failedeven"><td rowspan="1">webTest.CheckGuestWithNoData</td><td><a href="#m6">tearDown</a></td><td rowspan="1">1444548222959</td><td rowspan="1">0</td></tr><tr><th colspan="4">Check Guest Validation &#8212; passed</th></tr><tr class="passedeven"><td rowspan="1">webTest.CheckGuestWithNoData</td><td><a href="#m7">testCheckGuestWithNoData</a></td><td rowspan="1">1444548220714</td><td rowspan="1">2244</td></tr></tbody><tbody id="t4"><tr><th colspan="4">Check Guest With Valid Data &#8212; failed (configuration methods)</th></tr><tr class="failedeven"><td rowspan="1">webTest.CheckGuestWithValidData</td><td><a href="#m8">tearDown</a></td><td rowspan="1">1444548231271</td><td rowspan="1">0</td></tr><tr><th colspan="4">Check Guest With Valid Data &#8212; passed</th></tr><tr class="passedeven"><td rowspan="1">webTest.CheckGuestWithValidData</td><td><a href="#m9">testCheckGuestWithValidData</a></td><td rowspan="1">1444548228824</td><td rowspan="1">2447</td></tr></tbody></table><h2>Home Page</h2><h3 id="m0">webTest.VerifyHomePage#tearDown</h3><table class="result"><tr><th>Exception</th></tr><tr><td><div class="stacktrace">java.lang.RuntimeException: Process refused to die after 10 seconds, and couldn&apos;t taskkill it: Unable to find executable for: taskkill
	at org.openqa.selenium.os.ProcessUtils.killWinProcess(ProcessUtils.java:142)
	at org.openqa.selenium.os.ProcessUtils.killProcess(ProcessUtils.java:81)
	at org.openqa.selenium.os.UnixProcess$SeleniumWatchDog.destroyHarder(UnixProcess.java:247)
	at org.openqa.selenium.os.UnixProcess$SeleniumWatchDog.access$2(UnixProcess.java:246)
	at org.openqa.selenium.os.UnixProcess.destroy(UnixProcess.java:125)
	at org.openqa.selenium.os.CommandLine.destroy(CommandLine.java:155)
	at org.openqa.selenium.firefox.FirefoxBinary.quit(FirefoxBinary.java:259)
	at org.openqa.selenium.firefox.internal.NewProfileExtensionConnection.quit(NewProfileExtensionConnection.java:204)
	at org.openqa.selenium.firefox.FirefoxDriver$LazyCommandExecutor.quit(FirefoxDriver.java:364)
	at org.openqa.selenium.firefox.FirefoxDriver.stopClient(FirefoxDriver.java:310)
	at org.openqa.selenium.remote.RemoteWebDriver.quit(RemoteWebDriver.java:519)
	at webTest.VerifyHomePage.tearDown(VerifyHomePage.java:48)
Caused by: java.lang.NullPointerException: Unable to find executable for: taskkill
	at com.google.common.base.Preconditions.checkNotNull(Preconditions.java:250)
	at org.openqa.selenium.os.UnixProcess.&lt;init&gt;(UnixProcess.java:62)
	at org.openqa.selenium.os.CommandLine.&lt;init&gt;(CommandLine.java:38)
	at org.openqa.selenium.os.WindowsUtils.killPID(WindowsUtils.java:178)
	at org.openqa.selenium.os.ProcessUtils.killWinProcess(ProcessUtils.java:138)
	... 32 more
... Removed 21 stack frames</div></td></tr></table><p class="totop"><a href="#summary">back to summary</a></p><h3 id="m1">webTest.VerifyHomePage#testVerifyHomePage</h3><table class="result"></table><p class="totop"><a href="#summary">back to summary</a></p><h2>Add Guest Validation</h2><h3 id="m2">webTest.AddGuestPageValidation#tearDown</h3><table class="result"><tr><th>Exception</th></tr><tr><td><div class="stacktrace">java.lang.RuntimeException: Process refused to die after 10 seconds, and couldn&apos;t taskkill it: Unable to find executable for: taskkill
	at org.openqa.selenium.os.ProcessUtils.killWinProcess(ProcessUtils.java:142)
	at org.openqa.selenium.os.ProcessUtils.killProcess(ProcessUtils.java:81)
	at org.openqa.selenium.os.UnixProcess$SeleniumWatchDog.destroyHarder(UnixProcess.java:247)
	at org.openqa.selenium.os.UnixProcess$SeleniumWatchDog.access$2(UnixProcess.java:246)
	at org.openqa.selenium.os.UnixProcess.destroy(UnixProcess.java:125)
	at org.openqa.selenium.os.CommandLine.destroy(CommandLine.java:155)
	at org.openqa.selenium.firefox.FirefoxBinary.quit(FirefoxBinary.java:259)
	at org.openqa.selenium.firefox.internal.NewProfileExtensionConnection.quit(NewProfileExtensionConnection.java:204)
	at org.openqa.selenium.firefox.FirefoxDriver$LazyCommandExecutor.quit(FirefoxDriver.java:364)
	at org.openqa.selenium.firefox.FirefoxDriver.stopClient(FirefoxDriver.java:310)
	at org.openqa.selenium.remote.RemoteWebDriver.quit(RemoteWebDriver.java:519)
	at webTest.AddGuestPageValidation.tearDown(AddGuestPageValidation.java:65)
Caused by: java.lang.NullPointerException: Unable to find executable for: taskkill
	at com.google.common.base.Preconditions.checkNotNull(Preconditions.java:250)
	at org.openqa.selenium.os.UnixProcess.&lt;init&gt;(UnixProcess.java:62)
	at org.openqa.selenium.os.CommandLine.&lt;init&gt;(CommandLine.java:38)
	at org.openqa.selenium.os.WindowsUtils.killPID(WindowsUtils.java:178)
	at org.openqa.selenium.os.ProcessUtils.killWinProcess(ProcessUtils.java:138)
	... 32 more
... Removed 21 stack frames</div></td></tr></table><p class="totop"><a href="#summary">back to summary</a></p><h3 id="m3">webTest.AddGuestPageValidation#testAddGuestPageValidation</h3><table class="result"></table><p class="totop"><a href="#summary">back to summary</a></p><h2>Add Guest Details</h2><h3 id="m4">webTest.AddGuestWithValidData#tearDown</h3><table class="result"><tr><th>Exception</th></tr><tr><td><div class="stacktrace">java.lang.RuntimeException: Process refused to die after 10 seconds, and couldn&apos;t taskkill it: Unable to find executable for: taskkill
	at org.openqa.selenium.os.ProcessUtils.killWinProcess(ProcessUtils.java:142)
	at org.openqa.selenium.os.ProcessUtils.killProcess(ProcessUtils.java:81)
	at org.openqa.selenium.os.UnixProcess$SeleniumWatchDog.destroyHarder(UnixProcess.java:247)
	at org.openqa.selenium.os.UnixProcess$SeleniumWatchDog.access$2(UnixProcess.java:246)
	at org.openqa.selenium.os.UnixProcess.destroy(UnixProcess.java:125)
	at org.openqa.selenium.os.CommandLine.destroy(CommandLine.java:155)
	at org.openqa.selenium.firefox.FirefoxBinary.quit(FirefoxBinary.java:259)
	at org.openqa.selenium.firefox.internal.NewProfileExtensionConnection.quit(NewProfileExtensionConnection.java:204)
	at org.openqa.selenium.firefox.FirefoxDriver$LazyCommandExecutor.quit(FirefoxDriver.java:364)
	at org.openqa.selenium.firefox.FirefoxDriver.stopClient(FirefoxDriver.java:310)
	at org.openqa.selenium.remote.RemoteWebDriver.quit(RemoteWebDriver.java:519)
	at webTest.AddGuestWithValidData.tearDown(AddGuestWithValidData.java:48)
Caused by: java.lang.NullPointerException: Unable to find executable for: taskkill
	at com.google.common.base.Preconditions.checkNotNull(Preconditions.java:250)
	at org.openqa.selenium.os.UnixProcess.&lt;init&gt;(UnixProcess.java:62)
	at org.openqa.selenium.os.CommandLine.&lt;init&gt;(CommandLine.java:38)
	at org.openqa.selenium.os.WindowsUtils.killPID(WindowsUtils.java:178)
	at org.openqa.selenium.os.ProcessUtils.killWinProcess(ProcessUtils.java:138)
	... 32 more
... Removed 21 stack frames</div></td></tr></table><p class="totop"><a href="#summary">back to summary</a></p><h3 id="m5">webTest.AddGuestWithValidData#testAddGuestWithValidData</h3><table class="result"></table><p class="totop"><a href="#summary">back to summary</a></p><h2>Check Guest Validation</h2><h3 id="m6">webTest.CheckGuestWithNoData#tearDown</h3><table class="result"><tr><th>Exception</th></tr><tr><td><div class="stacktrace">java.lang.RuntimeException: Process refused to die after 10 seconds, and couldn&apos;t taskkill it: Unable to find executable for: taskkill
	at org.openqa.selenium.os.ProcessUtils.killWinProcess(ProcessUtils.java:142)
	at org.openqa.selenium.os.ProcessUtils.killProcess(ProcessUtils.java:81)
	at org.openqa.selenium.os.UnixProcess$SeleniumWatchDog.destroyHarder(UnixProcess.java:247)
	at org.openqa.selenium.os.UnixProcess$SeleniumWatchDog.access$2(UnixProcess.java:246)
	at org.openqa.selenium.os.UnixProcess.destroy(UnixProcess.java:125)
	at org.openqa.selenium.os.CommandLine.destroy(CommandLine.java:155)
	at org.openqa.selenium.firefox.FirefoxBinary.quit(FirefoxBinary.java:259)
	at org.openqa.selenium.firefox.internal.NewProfileExtensionConnection.quit(NewProfileExtensionConnection.java:204)
	at org.openqa.selenium.firefox.FirefoxDriver$LazyCommandExecutor.quit(FirefoxDriver.java:364)
	at org.openqa.selenium.firefox.FirefoxDriver.stopClient(FirefoxDriver.java:310)
	at org.openqa.selenium.remote.RemoteWebDriver.quit(RemoteWebDriver.java:519)
	at webTest.CheckGuestWithNoData.tearDown(CheckGuestWithNoData.java:60)
Caused by: java.lang.NullPointerException: Unable to find executable for: taskkill
	at com.google.common.base.Preconditions.checkNotNull(Preconditions.java:250)
	at org.openqa.selenium.os.UnixProcess.&lt;init&gt;(UnixProcess.java:62)
	at org.openqa.selenium.os.CommandLine.&lt;init&gt;(CommandLine.java:38)
	at org.openqa.selenium.os.WindowsUtils.killPID(WindowsUtils.java:178)
	at org.openqa.selenium.os.ProcessUtils.killWinProcess(ProcessUtils.java:138)
	... 32 more
... Removed 21 stack frames</div></td></tr></table><p class="totop"><a href="#summary">back to summary</a></p><h3 id="m7">webTest.CheckGuestWithNoData#testCheckGuestWithNoData</h3><table class="result"></table><p class="totop"><a href="#summary">back to summary</a></p><h2>Check Guest With Valid Data</h2><h3 id="m8">webTest.CheckGuestWithValidData#tearDown</h3><table class="result"><tr><th>Exception</th></tr><tr><td><div class="stacktrace">java.lang.RuntimeException: Process refused to die after 10 seconds, and couldn&apos;t taskkill it: Unable to find executable for: taskkill
	at org.openqa.selenium.os.ProcessUtils.killWinProcess(ProcessUtils.java:142)
	at org.openqa.selenium.os.ProcessUtils.killProcess(ProcessUtils.java:81)
	at org.openqa.selenium.os.UnixProcess$SeleniumWatchDog.destroyHarder(UnixProcess.java:247)
	at org.openqa.selenium.os.UnixProcess$SeleniumWatchDog.access$2(UnixProcess.java:246)
	at org.openqa.selenium.os.UnixProcess.destroy(UnixProcess.java:125)
	at org.openqa.selenium.os.CommandLine.destroy(CommandLine.java:155)
	at org.openqa.selenium.firefox.FirefoxBinary.quit(FirefoxBinary.java:259)
	at org.openqa.selenium.firefox.internal.NewProfileExtensionConnection.quit(NewProfileExtensionConnection.java:204)
	at org.openqa.selenium.firefox.FirefoxDriver$LazyCommandExecutor.quit(FirefoxDriver.java:364)
	at org.openqa.selenium.firefox.FirefoxDriver.stopClient(FirefoxDriver.java:310)
	at org.openqa.selenium.remote.RemoteWebDriver.quit(RemoteWebDriver.java:519)
	at webTest.CheckGuestWithValidData.tearDown(CheckGuestWithValidData.java:68)
Caused by: java.lang.NullPointerException: Unable to find executable for: taskkill
	at com.google.common.base.Preconditions.checkNotNull(Preconditions.java:250)
	at org.openqa.selenium.os.UnixProcess.&lt;init&gt;(UnixProcess.java:62)
	at org.openqa.selenium.os.CommandLine.&lt;init&gt;(CommandLine.java:38)
	at org.openqa.selenium.os.WindowsUtils.killPID(WindowsUtils.java:178)
	at org.openqa.selenium.os.ProcessUtils.killWinProcess(ProcessUtils.java:138)
	... 32 more
... Removed 21 stack frames</div></td></tr></table><p class="totop"><a href="#summary">back to summary</a></p><h3 id="m9">webTest.CheckGuestWithValidData#testCheckGuestWithValidData</h3><table class="result"></table><p class="totop"><a href="#summary">back to summary</a></p></body></html>